<?xml version="1.0" encoding="UTF-8"?>
<!-- Generated by org.testng.reporters.JUnitReportReporter -->
<testsuite hostname="Rakesh" failures="0" tests="1" name="first.Firsttest" time="2.611" errors="0" timestamp="24 Oct 2021 11:51:42 GMT" skipped="0">
  <testcase classname="first.Firsttest" name="getAllProjecttest" time="2.611"/>
</testsuite> <!-- first.Firsttest -->
