<?xml version="1.0" encoding="UTF-8"?>
<!-- Generated by org.testng.reporters.JUnitReportReporter -->
<testsuite hostname="Rakesh" failures="0" tests="1" name="com.POJO.RMG_API_Authentication6" time="2.685" errors="0" timestamp="2021-10-28T15:59:29 IST" skipped="0">
  <testcase classname="com.POJO.RMG_API_Authentication6" name="CreateProjectWithJsonFormat" time="2.685"/>
  <system-out/>
</testsuite> <!-- com.POJO.RMG_API_Authentication6 -->
