<?xml version="1.0" encoding="UTF-8"?>
<!-- Generated by org.testng.reporters.JUnitReportReporter -->
<testsuite hostname="Rakesh" failures="0" tests="1" name="first.DynamicResponse" time="2.859" errors="0" timestamp="2021-10-29T12:56:23 IST" skipped="0">
  <testcase classname="first.DynamicResponse" name="DynamicResponse" time="2.859"/>
  <system-out/>
</testsuite> <!-- first.DynamicResponse -->
