<?xml version="1.0" encoding="UTF-8"?>
<!-- Generated by org.testng.reporters.JUnitReportReporter -->
<testsuite hostname="Rakesh" failures="0" tests="1" name="first.Querypara" time="4.507" errors="0" timestamp="2021-10-29T13:06:20 IST" skipped="0">
  <testcase classname="first.Querypara" name="queryPara" time="4.507"/>
  <system-out/>
</testsuite> <!-- first.Querypara -->
