<?xml version="1.0" encoding="UTF-8"?>
<!-- Generated by org.testng.reporters.JUnitReportReporter -->
<testsuite hostname="Rakesh" failures="0" tests="1" name="first.BasicAuth" time="3.701" errors="0" timestamp="2021-10-30T12:40:47 IST" skipped="0">
  <testcase classname="first.BasicAuth" name="basicauth" time="3.701"/>
  <system-out/>
</testsuite> <!-- first.BasicAuth -->
