<?xml version="1.0" encoding="UTF-8"?>
<!-- Generated by org.testng.reporters.JUnitReportReporter -->
<testsuite hostname="Rakesh" failures="0" tests="1" name="com.POJO.addProjectUsingPOJO" time="3.376" errors="0" timestamp="2021-10-29T11:42:48 IST" skipped="0">
  <testcase classname="com.POJO.addProjectUsingPOJO" name="addProjectUsingPOJO" time="3.376"/>
  <system-out/>
</testsuite> <!-- com.POJO.addProjectUsingPOJO -->
