<?xml version="1.0" encoding="UTF-8"?>
<!-- Generated by org.testng.reporters.JUnitReportReporter -->
<testsuite hostname="Rakesh" failures="0" tests="1" name="first.PathParameter" time="2.502" errors="0" timestamp="2021-10-29T13:02:17 IST" skipped="0">
  <testcase classname="first.PathParameter" name="PathParameter" time="2.502"/>
  <system-out/>
</testsuite> <!-- first.PathParameter -->
