<?xml version="1.0" encoding="UTF-8"?>
<!-- Generated by org.testng.reporters.JUnitReportReporter -->
<testsuite hostname="Rakesh" failures="0" tests="1" name="com.POJO.RMG_API_Authentication01" time="3.575" errors="0" timestamp="2021-10-28T15:27:40 IST" skipped="0">
  <testcase classname="com.POJO.RMG_API_Authentication01" name="CreateProjectWithDuplicateId" time="3.575"/>
  <system-out/>
</testsuite> <!-- com.POJO.RMG_API_Authentication01 -->
