<?xml version="1.0" encoding="UTF-8"?>
<!-- Generated by org.testng.reporters.JUnitReportReporter -->
<testsuite hostname="Rakesh" failures="0" tests="1" name="com.crudoperationawithoutBDD.UpdateAproject" time="2.626" errors="0" timestamp="2021-10-26T19:52:47 IST" skipped="0">
  <testcase classname="com.crudoperationawithoutBDD.UpdateAproject" name="Update" time="2.626"/>
  <system-out/>
</testsuite> <!-- com.crudoperationawithoutBDD.UpdateAproject -->
