<?xml version="1.0" encoding="UTF-8"?>
<!-- Generated by org.testng.reporters.JUnitReportReporter -->
<testsuite hostname="Rakesh" failures="0" tests="1" name="com.crudOperationWithoutBDD.CreateProjecthashmap" time="2.657" errors="0" timestamp="2021-10-28T12:35:12 IST" skipped="0">
  <testcase classname="com.crudOperationWithoutBDD.CreateProjecthashmap" name="createProjectUsingHashMap" time="2.657"/>
  <system-out/>
</testsuite> <!-- com.crudOperationWithoutBDD.CreateProjecthashmap -->
