<?xml version="1.0" encoding="UTF-8"?>
<!-- Generated by org.testng.reporters.JUnitReportReporter -->
<testsuite hostname="Rakesh" failures="0" tests="1" name="first.RequestChaining2" time="4.700" errors="0" timestamp="2021-10-30T11:55:20 IST" skipped="0">
  <testcase classname="first.RequestChaining2" name="requestChainingCreateGet" time="4.700"/>
  <system-out/>
</testsuite> <!-- first.RequestChaining2 -->
