<?xml version="1.0" encoding="UTF-8"?>
<!-- Generated by org.testng.reporters.JUnitReportReporter -->
<testsuite hostname="Rakesh" failures="0" tests="1" name="com.crudoperationawithoutBDD.GetASingleProject" time="2.220" errors="0" timestamp="2021-10-26T19:48:27 IST" skipped="0">
  <testcase classname="com.crudoperationawithoutBDD.GetASingleProject" name="getASingleProject" time="2.220"/>
  <system-out/>
</testsuite> <!-- com.crudoperationawithoutBDD.GetASingleProject -->
