<?xml version="1.0" encoding="UTF-8"?>
<!-- Generated by org.testng.reporters.JUnitReportReporter -->
<testsuite hostname="Rakesh" failures="0" tests="1" name="com.crudoperationawithoutBDD.GetalltheResources" time="2.051" errors="0" timestamp="2021-10-29T12:33:13 IST" skipped="0">
  <testcase classname="com.crudoperationawithoutBDD.GetalltheResources" name="getallData" time="2.051"/>
  <system-out/>
</testsuite> <!-- com.crudoperationawithoutBDD.GetalltheResources -->
