<?xml version="1.0" encoding="UTF-8"?>
<!-- Generated by org.testng.reporters.JUnitReportReporter -->
<testsuite hostname="Rakesh" failures="0" tests="1" name="framework.Createtheproject" time="3.608" errors="0" timestamp="2021-10-30T19:36:58 IST" skipped="0">
  <testcase classname="framework.Createtheproject" name="createAProject" time="3.608"/>
  <system-out/>
</testsuite> <!-- framework.Createtheproject -->
