<?xml version="1.0" encoding="UTF-8"?>
<!-- Generated by org.testng.reporters.JUnitReportReporter -->
<testsuite hostname="Rakesh" failures="0" tests="1" name="com.crudoperationawithoutBDD.DeleteAResponse" time="2.350" errors="0" timestamp="2021-10-26T19:41:57 IST" skipped="0">
  <testcase classname="com.crudoperationawithoutBDD.DeleteAResponse" name="delete" time="2.350"/>
  <system-out/>
</testsuite> <!-- com.crudoperationawithoutBDD.DeleteAResponse -->
