<?xml version="1.0" encoding="UTF-8"?>
<!-- Generated by org.testng.reporters.JUnitReportReporter -->
<testsuite hostname="Rakesh" failures="0" tests="1" name="first.Oauth2Authenrtication" time="13.486" errors="0" timestamp="2021-10-30T13:36:23 IST" skipped="0">
  <testcase classname="first.Oauth2Authenrtication" name="oauth" time="13.486"/>
  <system-out/>
</testsuite> <!-- first.Oauth2Authenrtication -->
