<?xml version="1.0" encoding="UTF-8"?>
<!-- Generated by org.testng.reporters.JUnitReportReporter -->
<testsuite hostname="Rakesh" failures="0" tests="1" name="com.crudoperationawithoutBDD.CreateAResponse" time="2.588" errors="0" timestamp="2021-10-26T19:37:43 IST" skipped="0">
  <testcase classname="com.crudoperationawithoutBDD.CreateAResponse" name="Create" time="2.588"/>
  <system-out/>
</testsuite> <!-- com.crudoperationawithoutBDD.CreateAResponse -->
