<?xml version="1.0" encoding="UTF-8"?>
<!-- Generated by org.testng.reporters.JUnitReportReporter -->
<testsuite hostname="Rakesh" failures="0" tests="1" name="first.RequestChaining1" time="6.173" errors="0" timestamp="2021-10-30T11:54:08 IST" skipped="0">
  <testcase classname="first.RequestChaining1" name="requestChainingCreateDelete" time="6.173"/>
  <system-out/>
</testsuite> <!-- first.RequestChaining1 -->
