<?xml version="1.0" encoding="UTF-8"?>
<!-- Generated by org.testng.reporters.JUnitReportReporter -->
<testsuite hostname="Rakesh" failures="0" tests="1" name="first.BarearToken" time="6.321" errors="0" timestamp="2021-10-30T12:47:48 IST" skipped="0">
  <testcase classname="first.BarearToken" name="barearToken" time="6.321"/>
  <system-out/>
</testsuite> <!-- first.BarearToken -->
