<?xml version="1.0" encoding="UTF-8"?>
<!-- Generated by org.testng.reporters.JUnitReportReporter -->
<testsuite hostname="Rakesh" failures="0" tests="1" name="first.StaticResponse" time="3.028" errors="0" timestamp="2021-10-29T11:52:49 IST" skipped="0">
  <testcase classname="first.StaticResponse" name="StaticResponse" time="3.028"/>
  <system-out/>
</testsuite> <!-- first.StaticResponse -->
